<?xml version="1.0" encoding="UTF-8"?>
<!-- Generated by org.testng.reporters.JUnitXMLReporter -->
<testsuite hostname="DIN37000035" name="Test" tests="16" failures="16" timestamp="2 Aug 2019 07:16:16 GMT" time="1.374" errors="0">
  <testcase name="earlyUpgradeFee_PAYM_WEB" time="0.016" classname="com.Descisioning.tests.RequestEarlyUpgradeFee">
    <failure type="java.lang.NumberFormatException" message="null">
      <![CDATA[java.lang.NumberFormatException: null
	at java.lang.Integer.parseInt(Unknown Source)
	at java.lang.Integer.parseInt(Unknown Source)
	at com.Descisioning.tests.RequestEarlyUpgradeFee.earlyUpgradeFee_PAYM_WEB(RequestEarlyUpgradeFee.java:29)
... Removed 24 stack frames]]>
    </failure>
  </testcase> <!-- earlyUpgradeFee_PAYM_WEB -->
  <testcase name="earlyUpgradeFee_PAYM_WEB" time="0.0" classname="com.Descisioning.tests.RequestEarlyUpgradeFee">
    <failure type="java.lang.NumberFormatException" message="null">
      <![CDATA[java.lang.NumberFormatException: null
	at java.lang.Integer.parseInt(Unknown Source)
	at java.lang.Integer.parseInt(Unknown Source)
	at com.Descisioning.tests.RequestEarlyUpgradeFee.earlyUpgradeFee_PAYM_WEB(RequestEarlyUpgradeFee.java:29)
... Removed 24 stack frames]]>
    </failure>
  </testcase> <!-- earlyUpgradeFee_PAYM_WEB -->
  <testcase name="earlyUpgradeFee_PAYM_WEB" time="0.0" classname="com.Descisioning.tests.RequestEarlyUpgradeFee">
    <failure type="java.lang.NullPointerException">
      <![CDATA[java.lang.NullPointerException
	at com.Descisioning.tests.RequestEarlyUpgradeFee.earlyUpgradeFee_PAYM_WEB(RequestEarlyUpgradeFee.java:31)
... Removed 24 stack frames]]>
    </failure>
  </testcase> <!-- earlyUpgradeFee_PAYM_WEB -->
  <testcase name="earlyUpgradeFee_PAYM_WEB" time="0.0" classname="com.Descisioning.tests.RequestEarlyUpgradeFee">
    <failure type="java.lang.NullPointerException">
      <![CDATA[java.lang.NullPointerException
	at com.Descisioning.tests.RequestEarlyUpgradeFee.earlyUpgradeFee_PAYM_WEB(RequestEarlyUpgradeFee.java:31)
... Removed 24 stack frames]]>
    </failure>
  </testcase> <!-- earlyUpgradeFee_PAYM_WEB -->
  <testcase name="allowanceRules_Earlyupgrade_PAYM" time="0.002" classname="com.Descisioning.tests.AllowanceRules">
    <failure type="java.lang.NumberFormatException" message="null">
      <![CDATA[java.lang.NumberFormatException: null
	at java.lang.Integer.parseInt(Unknown Source)
	at java.lang.Integer.parseInt(Unknown Source)
	at com.Descisioning.tests.AllowanceRules.allowanceRules_Earlyupgrade_PAYM(AllowanceRules.java:312)
... Removed 24 stack frames]]>
    </failure>
  </testcase> <!-- allowanceRules_Earlyupgrade_PAYM -->
  <testcase name="allowanceRules_Earlyupgrade_PAYM" time="0.0" classname="com.Descisioning.tests.AllowanceRules">
    <failure type="java.lang.NumberFormatException" message="null">
      <![CDATA[java.lang.NumberFormatException: null
	at java.lang.Integer.parseInt(Unknown Source)
	at java.lang.Integer.parseInt(Unknown Source)
	at com.Descisioning.tests.AllowanceRules.allowanceRules_Earlyupgrade_PAYM(AllowanceRules.java:312)
... Removed 24 stack frames]]>
    </failure>
  </testcase> <!-- allowanceRules_Earlyupgrade_PAYM -->
  <testcase name="allowanceRules_Earlyupgrade_PAYM" time="0.005" classname="com.Descisioning.tests.AllowanceRules">
    <failure type="java.lang.NullPointerException">
      <![CDATA[java.lang.NullPointerException
	at com.Descisioning.tests.AllowanceRules.allowanceRules_Earlyupgrade_PAYM(AllowanceRules.java:316)
... Removed 24 stack frames]]>
    </failure>
  </testcase> <!-- allowanceRules_Earlyupgrade_PAYM -->
  <testcase name="allowanceRules_Earlyupgrade_PAYM" time="0.002" classname="com.Descisioning.tests.AllowanceRules">
    <failure type="java.lang.NullPointerException">
      <![CDATA[java.lang.NullPointerException
	at com.Descisioning.tests.AllowanceRules.allowanceRules_Earlyupgrade_PAYM(AllowanceRules.java:316)
... Removed 24 stack frames]]>
    </failure>
  </testcase> <!-- allowanceRules_Earlyupgrade_PAYM -->
  <testcase name="allowanceRules_StandardUpgrade_PAYM" time="0.0" classname="com.Descisioning.tests.AllowanceRules">
    <failure type="java.lang.NumberFormatException" message="null">
      <![CDATA[java.lang.NumberFormatException: null
	at java.lang.Integer.parseInt(Unknown Source)
	at java.lang.Integer.parseInt(Unknown Source)
	at com.Descisioning.tests.AllowanceRules.allowanceRules_StandardUpgrade_PAYM(AllowanceRules.java:490)
... Removed 24 stack frames]]>
    </failure>
  </testcase> <!-- allowanceRules_StandardUpgrade_PAYM -->
  <testcase name="allowanceRules_StandardUpgrade_PAYM" time="0.002" classname="com.Descisioning.tests.AllowanceRules">
    <failure type="java.lang.NumberFormatException" message="null">
      <![CDATA[java.lang.NumberFormatException: null
	at java.lang.Integer.parseInt(Unknown Source)
	at java.lang.Integer.parseInt(Unknown Source)
	at com.Descisioning.tests.AllowanceRules.allowanceRules_StandardUpgrade_PAYM(AllowanceRules.java:490)
... Removed 24 stack frames]]>
    </failure>
  </testcase> <!-- allowanceRules_StandardUpgrade_PAYM -->
  <testcase name="allowanceRules_StandardUpgrade_PAYM" time="0.002" classname="com.Descisioning.tests.AllowanceRules">
    <failure type="java.lang.NullPointerException">
      <![CDATA[java.lang.NullPointerException
	at com.Descisioning.tests.AllowanceRules.allowanceRules_StandardUpgrade_PAYM(AllowanceRules.java:496)
... Removed 24 stack frames]]>
    </failure>
  </testcase> <!-- allowanceRules_StandardUpgrade_PAYM -->
  <testcase name="allowanceRules_StandardUpgrade_PAYM" time="0.01" classname="com.Descisioning.tests.AllowanceRules">
    <failure type="java.lang.NullPointerException">
      <![CDATA[java.lang.NullPointerException
	at com.Descisioning.tests.AllowanceRules.allowanceRules_StandardUpgrade_PAYM(AllowanceRules.java:496)
... Removed 24 stack frames]]>
    </failure>
  </testcase> <!-- allowanceRules_StandardUpgrade_PAYM -->
  <testcase name="allowanceRules_StandardUpgrade_SIMO" time="0.0" classname="com.Descisioning.tests.AllowanceRules">
    <failure type="java.lang.NumberFormatException" message="null">
      <![CDATA[java.lang.NumberFormatException: null
	at java.lang.Integer.parseInt(Unknown Source)
	at java.lang.Integer.parseInt(Unknown Source)
	at com.Descisioning.tests.AllowanceRules.allowanceRules_StandardUpgrade_SIMO(AllowanceRules.java:37)
... Removed 24 stack frames]]>
    </failure>
  </testcase> <!-- allowanceRules_StandardUpgrade_SIMO -->
  <testcase name="allowanceRules_StandardUpgrade_SIMO" time="0.0" classname="com.Descisioning.tests.AllowanceRules">
    <failure type="java.lang.NumberFormatException" message="null">
      <![CDATA[java.lang.NumberFormatException: null
	at java.lang.Integer.parseInt(Unknown Source)
	at java.lang.Integer.parseInt(Unknown Source)
	at com.Descisioning.tests.AllowanceRules.allowanceRules_StandardUpgrade_SIMO(AllowanceRules.java:37)
... Removed 24 stack frames]]>
    </failure>
  </testcase> <!-- allowanceRules_StandardUpgrade_SIMO -->
  <testcase name="allowanceRules_StandardUpgrade_SIMO" time="0.0" classname="com.Descisioning.tests.AllowanceRules">
    <failure type="java.lang.NullPointerException">
      <![CDATA[java.lang.NullPointerException
	at com.Descisioning.tests.AllowanceRules.allowanceRules_StandardUpgrade_SIMO(AllowanceRules.java:40)
... Removed 24 stack frames]]>
    </failure>
  </testcase> <!-- allowanceRules_StandardUpgrade_SIMO -->
  <testcase name="allowanceRules_StandardUpgrade_SIMO" time="0.002" classname="com.Descisioning.tests.AllowanceRules">
    <failure type="java.lang.NullPointerException">
      <![CDATA[java.lang.NullPointerException
	at com.Descisioning.tests.AllowanceRules.allowanceRules_StandardUpgrade_SIMO(AllowanceRules.java:40)
... Removed 24 stack frames]]>
    </failure>
  </testcase> <!-- allowanceRules_StandardUpgrade_SIMO -->
</testsuite> <!-- Test -->
